<?xml version="1.0" encoding="UTF-8"?>
<!-- Generated by org.testng.reporters.JUnitReportReporter -->
<testsuite hostname="LAPTOP-5MU2HV3U" failures="0" tests="2" name="test.Annot2" time="3.624" errors="0" timestamp="26 Mar 2019 17:26:28 GMT" skipped="0">
  <testcase classname="test.Annot2" name="software" time="0.001"/>
  <testcase classname="test.Annot2" name="Login" time="3.623"/>
</testsuite> <!-- test.Annot2 -->
