<?xml version="1.0" encoding="UTF-8"?>
<!-- Generated by org.testng.reporters.JUnitReportReporter -->
<testsuite hostname="LAPTOP-5MU2HV3U" failures="0" tests="3" name="test.DependencyAnnot" time="6.443" errors="0" timestamp="26 Mar 2019 17:51:41 GMT" skipped="0">
  <testcase classname="test.DependencyAnnot" name="Login" time="3.346"/>
  <testcase classname="test.DependencyAnnot" name="software" time="0.001"/>
  <testcase classname="test.DependencyAnnot" name="openingBrowser" time="3.096"/>
</testsuite> <!-- test.DependencyAnnot -->
