<?xml version="1.0" encoding="UTF-8"?>
<!-- Generated by org.testng.reporters.JUnitReportReporter -->
<testsuite hostname="LAPTOP-5MU2HV3U" failures="0" tests="4" name="test.Day3" time="0.016" errors="0" timestamp="25 Mar 2019 03:11:03 GMT" skipped="0">
  <testcase classname="test.Day3" name="LoginApiCar" time="0.004"/>
  <testcase classname="test.Day3" name="LoginApiCar" time="0.002"/>
  <testcase classname="test.Day3" name="LoginApiCar" time="0.006"/>
  <testcase classname="test.Day3" name="webLoginCarLoan" time="0.004"/>
</testsuite> <!-- test.Day3 -->
