<?xml version="1.0" encoding="UTF-8"?>
<!-- Generated by org.testng.reporters.JUnitReportReporter -->
<testsuite hostname="LAPTOP-5MU2HV3U" failures="0" tests="2" name="test.One" time="0.009" errors="0" timestamp="25 Mar 2019 03:10:37 GMT" skipped="0">
  <testcase classname="test.One" name="twoOfone" time="0.001"/>
  <testcase classname="test.One" name="oneofOne" time="0.008"/>
</testsuite> <!-- test.One -->
