<?xml version="1.0" encoding="UTF-8"?>
<!-- Generated by org.testng.reporters.JUnitReportReporter -->
<testsuite hostname="LAPTOP-5MU2HV3U" failures="0" tests="1" name="test.Three" time="0.001" errors="0" timestamp="25 Mar 2019 03:10:37 GMT" skipped="0">
  <testcase classname="test.Three" name="FourofTHree" time="0.001"/>
</testsuite> <!-- test.Three -->
