<?xml version="1.0" encoding="UTF-8"?>
<!-- Generated by org.testng.reporters.JUnitReportReporter -->
<testsuite hostname="LAPTOP-5MU2HV3U" failures="0" tests="4" name="test.Day3" time="0.015" errors="0" timestamp="24 Mar 2019 22:02:39 GMT" skipped="0">
  <testcase classname="test.Day3" name="LoginApiCar" time="0.000"/>
  <testcase classname="test.Day3" name="webLoginCarLoan" time="0.010"/>
  <testcase classname="test.Day3" name="LoginApiCar" time="0.000"/>
  <testcase classname="test.Day3" name="LoginApiCar" time="0.005"/>
</testsuite> <!-- test.Day3 -->
