<?xml version="1.0" encoding="UTF-8"?>
<!-- Generated by org.testng.reporters.JUnitReportReporter -->
<testsuite hostname="LAPTOP-5MU2HV3U" failures="0" tests="1" name="test.Day2" time="0.009" errors="0" timestamp="25 Mar 2019 03:11:03 GMT" skipped="0">
  <testcase classname="test.Day2" name="ploan" time="0.009"/>
</testsuite> <!-- test.Day2 -->
