<?xml version="1.0" encoding="UTF-8"?>
<!-- Generated by org.testng.reporters.JUnitReportReporter -->
<testsuite hostname="LAPTOP-5MU2HV3U" failures="0" tests="1" name="test.Three" time="0.000" errors="0" timestamp="23 Mar 2019 20:53:45 GMT" skipped="0">
  <testcase classname="test.Three" name="FourofTHree" time="0.000"/>
</testsuite> <!-- test.Three -->
