<?xml version="1.0" encoding="UTF-8"?>
<!-- Generated by org.testng.reporters.JUnitReportReporter -->
<testsuite hostname="LAPTOP-5MU2HV3U" failures="0" tests="2" name="test.Day4" time="0.002" errors="0" timestamp="25 Mar 2019 03:11:03 GMT" skipped="0">
  <testcase classname="test.Day4" name="webLoginHomeLoan" time="0.001"/>
  <testcase classname="test.Day4" name="MobileLoginHomeLogin" time="0.001"/>
</testsuite> <!-- test.Day4 -->
